<?xml version="1.0" encoding="UTF-8"?>
<!-- Generated by org.testng.reporters.JUnitXMLReporter -->
<testsuite ignored="1" hostname="Lenovo" failures="0" tests="1" name="Test" time="51.575" errors="0" timestamp="2025-02-22T01:16:06 GMT-08:00">
  <testcase classname="testCases.TC002_AccountLoginTest" name="login_verify" time="5.151"/>
  <testcase classname="testCases.TC001_AccountRegistrationTest" name="verify_account_registration" time="0.0">
    <ignored/>
  </testcase> <!-- verify_account_registration -->
</testsuite> <!-- Test -->
