<?xml version="1.0" encoding="UTF-8"?>
<testng-results ignored="0" total="1" passed="1" failed="0" skipped="0">
  <reporter-output>
  </reporter-output>
  <suite started-at="2026-03-25T21:44:56 IST" name="Suite" finished-at="2026-03-25T21:45:29 IST" duration-ms="33297">
    <groups>
      <group name="sanity">
        <method signature="TC007_CheckoutTest.verify_Checkout()[pri:0, instance:testCases.TC007_CheckoutTest@740d2e78]" name="verify_Checkout" class="testCases.TC007_CheckoutTest"/>
      </group> <!-- sanity -->
      <group name="master">
        <method signature="TC007_CheckoutTest.verify_Checkout()[pri:0, instance:testCases.TC007_CheckoutTest@740d2e78]" name="verify_Checkout" class="testCases.TC007_CheckoutTest"/>
      </group> <!-- master -->
    </groups>
    <test started-at="2026-03-25T21:44:56 IST" name="Test" finished-at="2026-03-25T21:45:29 IST" duration-ms="33297">
      <class name="testCases.TC007_CheckoutTest">
        <test-method is-config="true" signature="setup(java.lang.String,java.lang.String)[pri:0, instance:testCases.TC007_CheckoutTest@740d2e78]" started-at="2026-03-25T21:44:56 IST" name="setup" finished-at="2026-03-25T21:45:07 IST" duration-ms="10721" status="PASS">
          <params>
            <param index="0">
              <value>
                <![CDATA[windows]]>
              </value>
            </param>
            <param index="1">
              <value>
                <![CDATA[chrome]]>
              </value>
            </param>
          </params>
          <reporter-output>
          </reporter-output>
        </test-method> <!-- setup -->
        <test-method signature="verify_Checkout()[pri:0, instance:testCases.TC007_CheckoutTest@740d2e78]" started-at="2026-03-25T21:45:07 IST" name="verify_Checkout" finished-at="2026-03-25T21:45:23 IST" duration-ms="15975" status="PASS">
          <reporter-output>
          </reporter-output>
        </test-method> <!-- verify_Checkout -->
        <test-method is-config="true" signature="tearDown()[pri:0, instance:testCases.TC007_CheckoutTest@740d2e78]" started-at="2026-03-25T21:45:23 IST" name="tearDown" finished-at="2026-03-25T21:45:29 IST" duration-ms="6065" status="PASS">
          <reporter-output>
          </reporter-output>
        </test-method> <!-- tearDown -->
      </class> <!-- testCases.TC007_CheckoutTest -->
    </test> <!-- Test -->
  </suite> <!-- Suite -->
</testng-results>
